[2021-07-01 13:48:01] local.ERROR: filemtime(): stat failed for C:\wamp64\www\example-app\.env {"exception":"[object] (ErrorException(code: 0): filemtime(): stat failed for C:\\wamp64\\www\\example-app\\.env at C:\\wamp64\\www\\example-app\\vendor\\laravel\\framework\\src\\Illuminate\\Foundation\\Console\\ServeCommand.php:66)
[stacktrace]
#0 [internal function]: Illuminate\\Foundation\\Bootstrap\\HandleExceptions->handleError()
#1 C:\\wamp64\\www\\example-app\\vendor\\laravel\\framework\\src\\Illuminate\\Foundation\\Console\\ServeCommand.php(66): filemtime()
#2 C:\\wamp64\\www\\example-app\\vendor\\laravel\\framework\\src\\Illuminate\\Container\\BoundMethod.php(36): Illuminate\\Foundation\\Console\\ServeCommand->handle()
#3 C:\\wamp64\\www\\example-app\\vendor\\laravel\\framework\\src\\Illuminate\\Container\\Util.php(40): Illuminate\\Container\\BoundMethod::Illuminate\\Container\\{closure}()
#4 C:\\wamp64\\www\\example-app\\vendor\\laravel\\framework\\src\\Illuminate\\Container\\BoundMethod.php(93): Illuminate\\Container\\Util::unwrapIfClosure()
#5 C:\\wamp64\\www\\example-app\\vendor\\laravel\\framework\\src\\Illuminate\\Container\\BoundMethod.php(37): Illuminate\\Container\\BoundMethod::callBoundMethod()
#6 C:\\wamp64\\www\\example-app\\vendor\\laravel\\framework\\src\\Illuminate\\Container\\Container.php(651): Illuminate\\Container\\BoundMethod::call()
#7 C:\\wamp64\\www\\example-app\\vendor\\laravel\\framework\\src\\Illuminate\\Console\\Command.php(136): Illuminate\\Container\\Container->call()
#8 C:\\wamp64\\www\\example-app\\vendor\\symfony\\console\\Command\\Command.php(299): Illuminate\\Console\\Command->execute()
#9 C:\\wamp64\\www\\example-app\\vendor\\laravel\\framework\\src\\Illuminate\\Console\\Command.php(121): Symfony\\Component\\Console\\Command\\Command->run()
#10 C:\\wamp64\\www\\example-app\\vendor\\symfony\\console\\Application.php(978): Illuminate\\Console\\Command->run()
#11 C:\\wamp64\\www\\example-app\\vendor\\symfony\\console\\Application.php(295): Symfony\\Component\\Console\\Application->doRunCommand()
#12 C:\\wamp64\\www\\example-app\\vendor\\symfony\\console\\Application.php(167): Symfony\\Component\\Console\\Application->doRun()
#13 C:\\wamp64\\www\\example-app\\vendor\\laravel\\framework\\src\\Illuminate\\Console\\Application.php(92): Symfony\\Component\\Console\\Application->run()
#14 C:\\wamp64\\www\\example-app\\vendor\\laravel\\framework\\src\\Illuminate\\Foundation\\Console\\Kernel.php(129): Illuminate\\Console\\Application->run()
#15 C:\\wamp64\\www\\example-app\\artisan(37): Illuminate\\Foundation\\Console\\Kernel->handle()
#16 {main}
"} 
[2021-07-01 13:48:02] local.ERROR: Uncaught Whoops\Exception\ErrorException: include(C:\wamp64\www\example-app\vendor\composer/../facade/ignition/src/SolutionProviders/IncorrectValetDbCredentialsSolutionProvider.php): Failed to open stream: No such file or directory in C:\wamp64\www\example-app\vendor\composer\ClassLoader.php:480
Stack trace:
#0 C:\wamp64\www\example-app\vendor\composer\ClassLoader.php(480): Whoops\Run->handleError()
#1 C:\wamp64\www\example-app\vendor\composer\ClassLoader.php(480): include()
#2 C:\wamp64\www\example-app\vendor\composer\ClassLoader.php(346): Composer\Autoload\includeFile()
#3 [internal function]: Composer\Autoload\ClassLoader->loadClass()
#4 C:\wamp64\www\example-app\vendor\facade\ignition\src\SolutionProviders\SolutionProviderRepository.php(50): class_implements()
#5 [internal function]: Facade\Ignition\SolutionProviders\SolutionProviderRepository->Facade\Ignition\SolutionProviders\{closure}()
#6 C:\wamp64\www\example-app\vendor\laravel\framework\src\Illuminate\Collections\Arr.php(664): array_filter()
#7 C:\wamp64\www\example-app\vendor\laravel\framework\src\Illuminate\Collections\Collection.php(346): Illuminate\Support\Arr::where()
#8 C:\wamp64\www\example-app\vendor\facade\ignition\src\SolutionProviders\SolutionProviderRepository.php(59): Illuminate\Support\Collection->filter()
#9 C:\wamp64\www\example-app\vendor\nunomaduro\collision\src\Adapters\Laravel\IgnitionSolutionsRepository.php(36): Facade\Ignition\SolutionProviders\SolutionProviderRepository->getSolutionsForThrowable()
#10 C:\wamp64\www\example-app\vendor\nunomaduro\collision\src\Writer.php(244): NunoMaduro\Collision\Adapters\Laravel\IgnitionSolutionsRepository->getFromThrowable()
#11 C:\wamp64\www\example-app\vendor\nunomaduro\collision\src\Writer.php(123): NunoMaduro\Collision\Writer->renderSolution()
#12 C:\wamp64\www\example-app\vendor\nunomaduro\collision\src\Handler.php(39): NunoMaduro\Collision\Writer->write()
#13 C:\wamp64\www\example-app\vendor\filp\whoops\src\Whoops\Run.php(370): NunoMaduro\Collision\Handler->handle()
#14 [internal function]: Whoops\Run->handleException()
#15 {main}
  thrown {"exception":"[object] (Symfony\\Component\\ErrorHandler\\Error\\FatalError(code: 0): Uncaught Whoops\\Exception\\ErrorException: include(C:\\wamp64\\www\\example-app\\vendor\\composer/../facade/ignition/src/SolutionProviders/IncorrectValetDbCredentialsSolutionProvider.php): Failed to open stream: No such file or directory in C:\\wamp64\\www\\example-app\\vendor\\composer\\ClassLoader.php:480
Stack trace:
#0 C:\\wamp64\\www\\example-app\\vendor\\composer\\ClassLoader.php(480): Whoops\\Run->handleError()
#1 C:\\wamp64\\www\\example-app\\vendor\\composer\\ClassLoader.php(480): include()
#2 C:\\wamp64\\www\\example-app\\vendor\\composer\\ClassLoader.php(346): Composer\\Autoload\\includeFile()
#3 [internal function]: Composer\\Autoload\\ClassLoader->loadClass()
#4 C:\\wamp64\\www\\example-app\\vendor\\facade\\ignition\\src\\SolutionProviders\\SolutionProviderRepository.php(50): class_implements()
#5 [internal function]: Facade\\Ignition\\SolutionProviders\\SolutionProviderRepository->Facade\\Ignition\\SolutionProviders\\{closure}()
#6 C:\\wamp64\\www\\example-app\\vendor\\laravel\\framework\\src\\Illuminate\\Collections\\Arr.php(664): array_filter()
#7 C:\\wamp64\\www\\example-app\\vendor\\laravel\\framework\\src\\Illuminate\\Collections\\Collection.php(346): Illuminate\\Support\\Arr::where()
#8 C:\\wamp64\\www\\example-app\\vendor\\facade\\ignition\\src\\SolutionProviders\\SolutionProviderRepository.php(59): Illuminate\\Support\\Collection->filter()
#9 C:\\wamp64\\www\\example-app\\vendor\
unomaduro\\collision\\src\\Adapters\\Laravel\\IgnitionSolutionsRepository.php(36): Facade\\Ignition\\SolutionProviders\\SolutionProviderRepository->getSolutionsForThrowable()
#10 C:\\wamp64\\www\\example-app\\vendor\
unomaduro\\collision\\src\\Writer.php(244): NunoMaduro\\Collision\\Adapters\\Laravel\\IgnitionSolutionsRepository->getFromThrowable()
#11 C:\\wamp64\\www\\example-app\\vendor\
unomaduro\\collision\\src\\Writer.php(123): NunoMaduro\\Collision\\Writer->renderSolution()
#12 C:\\wamp64\\www\\example-app\\vendor\
unomaduro\\collision\\src\\Handler.php(39): NunoMaduro\\Collision\\Writer->write()
#13 C:\\wamp64\\www\\example-app\\vendor\\filp\\whoops\\src\\Whoops\\Run.php(370): NunoMaduro\\Collision\\Handler->handle()
#14 [internal function]: Whoops\\Run->handleException()
#15 {main}
  thrown at C:\\wamp64\\www\\example-app\\vendor\\composer\\ClassLoader.php:480)
[stacktrace]
#0 {main}
"} 
